11:18:25.443 [main] INFO  fr.diginamic.Main -
                Bonjour Slf4J !
11:18:25.445 [main] INFO  fr.diginamic.Main -
                Implementation Logback
12:30:07.416 [main] ERROR fr.diginamic.Main -
                Access denied for user 'u6sjf2jr3kknf99'@'91.167.239.199' (using password: YES)
12:59:17.577 [main] ERROR fr.diginamic.Main -
                Access denied for user 'u6sjf2jr3kknf99'@'91.167.239.199' (using password: YES)
14:36:37.390 [main] ERROR fr.diginamic.entites.Fournisseur -
                You have an error in your SQL syntax; check the manual that corresponds to your MySQL server version for the right syntax to use near 'maison des fous)' at line 1
14:37:51.088 [main] ERROR fr.diginamic.entites.Fournisseur -
                You have an error in your SQL syntax; check the manual that corresponds to your MySQL server version for the right syntax to use near 'maison des fous)' at line 1
14:38:23.099 [main] ERROR fr.diginamic.entites.Fournisseur -
                You have an error in your SQL syntax; check the manual that corresponds to your MySQL server version for the right syntax to use near 'maison des fous)' at line 1
14:39:19.247 [main] ERROR fr.diginamic.entites.Fournisseur -
                Table 'b2v3rhqbttdgmoyx1frj.FOURNISSEURS' doesn't exist
14:39:27.523 [main] ERROR fr.diginamic.entites.Fournisseur -
                Table 'b2v3rhqbttdgmoyx1frj.FOURNISSEURS' doesn't exist
14:41:11.506 [main] ERROR fr.diginamic.Main -
                Unknown database 'DecouvrirJDBC_Compta";'
14:42:41.969 [main] ERROR fr.diginamic.Main -
                Unknown database 'DecouvrirJDBC_Compta";'
14:46:04.000 [main] ERROR fr.diginamic.Main -
                Unknown database 'DecouvrirJDBC_Compta";'
14:46:38.541 [main] ERROR fr.diginamic.Main -
                Unknown database 'DecouvrirJDBC_Compta";'
14:47:29.000 [main] ERROR fr.diginamic.Main -
                Unknown database 'compta";'
14:48:03.540 [main] ERROR fr.diginamic.Main -
                Unknown database 'compta2";'
14:51:07.070 [main] ERROR fr.diginamic.Main -
                Unknown database 'DecouvrirJDBC_Compta";'
14:52:22.258 [main] ERROR fr.diginamic.Main -
                Unknown database 'DecouvrirJDBC_Compta;'
